
================== ASTRAL ===================== 

This is ASTRAL version 4.10.12
Gene trees are treated as unrooted
16 trees read from best_ml
All output trees will be *arbitrarily* rooted at OKisut272

======== Running the main analysis
Number of taxa: 107 (107 species)
Taxa: [OKisut272, OTshaw106, OMasou99n, ONerka101, OClarki47, OMykis49n, OGorbu94n, OKeta96nn, Clavar221, Smsalar51, Svalpin63, Svfont261, Blenok158, Tarctic87, Tthyma177, Czeneth30, Htaime122, Cartedi5n, Hhucho119, Cclupeaf7, Ckiyi13nn, Choyi10nn, Paperry46, Cmigra252, Bsavin162, Svconfl75, Svmalma82, SmtruAT53, Tbaica170, Tbrevi175, Tgrubi167, Svleuco80, Calbula1n, Cpeled139, ORhodu103, Svnamay84, Prwilli42, Csardin26, Cautumna4, Cussu339n, Svalpin64, Svalpin73, Svalbus65, Svbogan70, Svelgyt71, Svconfl76, Svmalma81, Svnama232, Svsveto67, Svfonti77, Svleuco79, Htaime156, Blenok161, Bsavin164, Smsalar52, Acohri117, Acohri118, Smobtus86, SmtruME57, SmtruMA59, SmtruDA56, Smobtus85, SmtrAD334, Smplat126, OMasou100, OApach107, OGilae259, OMykis112, OChrys110, OMykis223, OClarki48, OKisut98n, OTshaw280, ONerka102, OGorbu194, OKeta95nn, Tbrevi174, Tarcti172, Tthyma178, Tgrubi169, Prspilo39, Prspilo40, Prabyss32, Prgemmi37, Prgemmi38, Prwilli41, Prcylin35, Prcylin36, Prcoult34, Prcoul186, Ctugun28n, Cclupeaf8, Cmuksu131, Cpidsch17, Cnasus19n, Cnasus20n, Csardin25, Calbul135, Chuntsm12, Stleuci44, Clauret15, Clauret16, Cpollan24, Cautum143, Cartedi6n, Choyi9nnn, Cnigri184]
Taxon occupancy: {Tthyma177=8, Tthyma178=2, OMykis112=2, OClarki47=16, OClarki48=2, Hhucho119=5, Svelgyt71=2, Svalbus65=2, Svfonti77=2, Prcoul186=2, Htaime122=5, Cpollan24=2, OMasou100=2, OKisut272=16, OMykis223=2, SmtruDA56=2, Prabyss32=2, Cclupeaf8=2, Cclupeaf7=4, OGorbu94n=16, Cmuksu131=2, Prcoult34=2, Paperry46=5, OTshaw106=16, SmtruMA59=2, SmtruME57=2, Svalpin63=16, Svalpin64=2, OApach107=2, Ctugun28n=2, ORhodu103=3, OGilae259=2, Smplat126=2, Calbul135=2, Cautum143=2, Smobtus85=2, Smobtus86=2, Ckiyi13nn=3, OKeta95nn=2, Prspilo39=2, Cnigri184=3, OChrys110=2, Tgrubi167=4, Tgrubi169=2, Svconfl75=4, Clauret16=2, Clavar221=16, Clauret15=2, Svconfl76=2, Svsveto67=2, OGorbu194=2, Choyi9nnn=2, Cnasus20n=2, Cussu339n=3, OKisut98n=2, Tbaica170=4, Svleuco80=4, OTshaw280=2, Smsalar52=2, OMykis49n=16, Smsalar51=16, Svleuco79=2, Cartedi6n=2, Bsavin164=2, OKeta96nn=11, Bsavin162=5, Tarctic87=7, Prspilo40=2, Choyi10nn=4, Calbula1n=6, Tbrevi174=2, Tbrevi175=4, Cpeled139=5, Svmalma81=2, Svmalma82=5, Cartedi5n=5, Stleuci44=3, Tarcti172=2, ONerka101=16, Svfont261=16, Chuntsm12=2, ONerka102=2, Prgemmi38=2, Prgemmi37=2, OMasou99n=16, Czeneth30=4, Cnasus19n=2, Cautumna4=4, SmtrAD334=2, Prwilli42=6, Prwilli41=2, Prcylin36=2, Prcylin35=2, Cpidsch17=2, Svnama232=2, Svalpin73=2, Blenok161=2, Csardin26=3, Csardin25=2, Acohri118=2, Acohri117=2, SmtruAT53=7, Cmigra252=3, Svnamay84=3, Htaime156=2, Svbogan70=2, Blenok158=8}
Number of gene trees: 16
14 trees have missing taxa
Calculating quartet distance matrix (for completion of X)
Species tree distances calculated ...
Will attempt to complete bipartitions from X before adding using a distance matrix.
Building set of clusters (X) from gene trees 
Number of Default Clusters: 729
calculating extra bipartitions to be added at level 1 ...
Number of Clusters after addition by distance: 729
Adding to X using resolutions of greedy consensus ...
Threshold 0.0:
Threshold 0.01:
Threshold 0.02:
Threshold 0.05:
Threshold 0.1:
Threshold 0.2:
Threshold 0.3333333333333333:
polytomy of size 3; rounds with additions with at least 0.01 support: 0; clusters: 729
Number of Clusters after addition by greedy: 729
partitions formed in 1.821 secs
Dynamic Programming starting after 1.821 secs
Using tree-based weight calculation.
Number of quartet trees in the gene trees: 10422664
Size of largest cluster: 107
Total Number of elements weighted: 507
Normalized score (portion of input quartet trees satisfied): 0.9411875888928205
Final optimization score: 9809682
Optimal tree inferred in 2.053 secs.
(OKeta96nn,(OKeta95nn,((OGorbu94n,OGorbu194),((ONerka101,ONerka102),(((OKisut272,OKisut98n),(OTshaw106,OTshaw280)),(((OClarki47,OClarki48),(OMykis112,(OMykis49n,((OApach107,OGilae259),(OChrys110,OMykis223))))),((ORhodu103,(OMasou99n,OMasou100)),((Paperry46,((Svleuco80,Svleuco79),((Svfont261,Svfonti77),((Svnamay84,Svnama232),(Svsveto67,(((Svbogan70,Svelgyt71),(Svconfl76,(Svconfl75,Svmalma81))),((Svmalma82,Svalbus65),(Svalpin64,(Svalpin63,Svalpin73))))))))),(((Htaime156,(Htaime122,Hhucho119)),((Blenok158,Blenok161),(Bsavin162,Bsavin164))),(((Smsalar51,Smsalar52),((Smobtus86,(Acohri117,Acohri118)),(SmtruAT53,(SmtruME57,(SmtruMA59,(SmtruDA56,(Smobtus85,(SmtrAD334,Smplat126)))))))),((Tgrubi167,(Tgrubi169,((Tthyma177,Tthyma178),(Tarctic87,(Tarcti172,(Tbaica170,(Tbrevi175,Tbrevi174))))))),(((Prcoult34,Prcoul186),((Prcylin35,Prcylin36),((Prwilli42,Prwilli41),((Prgemmi37,Prgemmi38),(Prabyss32,(Prspilo39,Prspilo40)))))),(Ctugun28n,(((Csardin26,(Csardin25,(Calbul135,(Calbula1n,Cpeled139)))),((Cnasus19n,Cnasus20n),(Cussu339n,(Cmigra252,((Cclupeaf7,Cclupeaf8),(Cpidsch17,(Clavar221,Cmuksu131))))))),((Chuntsm12,Stleuci44),((Clauret15,Clauret16),((Cautum143,(Cautumna4,Cpollan24)),(Cartedi5n,(Choyi10nn,(Czeneth30,((Ckiyi13nn,Cnigri184),(Cartedi6n,Choyi9nnn))))))))))))))))))))));
Quartet score is: 9809682
Normalized quartet score is: 0.9411875888928205
You may want to ignore posterior probabilities and other statistics related to the following branch branch because the effective number of genes impacting it is only 2:
	{OTshaw106, OTshaw280}
You may want to ignore posterior probabilities and other statistics related to the following branch branch because the effective number of genes impacting it is only 2:
	{OClarki47, OClarki48}
You may want to ignore posterior probabilities and other statistics related to the following branch branch because the effective number of genes impacting it is only 2:
	{OApach107, OGilae259}
You may want to ignore posterior probabilities and other statistics related to the following branch branch because the effective number of genes impacting it is only 2:
	{OChrys110, OMykis223}
You may want to ignore posterior probabilities and other statistics related to the following branch branch because the effective number of genes impacting it is only 2:
	{OApach107, OGilae259, OChrys110, OMykis223}
You may want to ignore posterior probabilities and other statistics related to the following branch branch because the effective number of genes impacting it is only 2:
	{OMykis49n, OApach107, OGilae259, OChrys110, OMykis223}
You may want to ignore posterior probabilities and other statistics related to the following branch branch because the effective number of genes impacting it is only 2:
	{OMykis49n, OApach107, OGilae259, OMykis112, OChrys110, OMykis223}
You may want to ignore posterior probabilities and other statistics related to the following branch branch because the effective number of genes impacting it is only 16:
	{OClarki47, OMykis49n, OApach107, OGilae259, OMykis112, OChrys110, OMykis223, OClarki48}
You may want to ignore posterior probabilities and other statistics related to the following branch branch because the effective number of genes impacting it is only 2:
	{OMasou99n, OMasou100}
You may want to ignore posterior probabilities and other statistics related to the following branch branch because the effective number of genes impacting it is only 3:
	{OMasou99n, ORhodu103, OMasou100}
You may want to ignore posterior probabilities and other statistics related to the following branch branch because the effective number of genes impacting it is only 2:
	{Svleuco80, Svleuco79}
You may want to ignore posterior probabilities and other statistics related to the following branch branch because the effective number of genes impacting it is only 2:
	{Svfont261, Svfonti77}
You may want to ignore posterior probabilities and other statistics related to the following branch branch because the effective number of genes impacting it is only 2:
	{Svnamay84, Svnama232}
You may want to ignore posterior probabilities and other statistics related to the following branch branch because the effective number of genes impacting it is only 2:
	{Svbogan70, Svelgyt71}
You may want to ignore posterior probabilities and other statistics related to the following branch branch because the effective number of genes impacting it is only 2:
	{Svconfl75, Svmalma81}
You may want to ignore posterior probabilities and other statistics related to the following branch branch because the effective number of genes impacting it is only 2:
	{Svconfl75, Svconfl76, Svmalma81}
You may want to ignore posterior probabilities and other statistics related to the following branch branch because the effective number of genes impacting it is only 2:
	{Svconfl75, Svbogan70, Svelgyt71, Svconfl76, Svmalma81}
You may want to ignore posterior probabilities and other statistics related to the following branch branch because the effective number of genes impacting it is only 2:
	{Svmalma82, Svalbus65}
You may want to ignore posterior probabilities and other statistics related to the following branch branch because the effective number of genes impacting it is only 2:
	{Svalpin63, Svalpin73}
You may want to ignore posterior probabilities and other statistics related to the following branch branch because the effective number of genes impacting it is only 2:
	{Svalpin63, Svalpin64, Svalpin73}
You may want to ignore posterior probabilities and other statistics related to the following branch branch because the effective number of genes impacting it is only 4:
	{Svalpin63, Svmalma82, Svalpin64, Svalpin73, Svalbus65}
You may want to ignore posterior probabilities and other statistics related to the following branch branch because the effective number of genes impacting it is only 2:
	{Svalpin63, Svconfl75, Svmalma82, Svalpin64, Svalpin73, Svalbus65, Svbogan70, Svelgyt71, Svconfl76, Svmalma81}
You may want to ignore posterior probabilities and other statistics related to the following branch branch because the effective number of genes impacting it is only 2:
	{Svalpin63, Svconfl75, Svmalma82, Svalpin64, Svalpin73, Svalbus65, Svbogan70, Svelgyt71, Svconfl76, Svmalma81, Svsveto67}
You may want to ignore posterior probabilities and other statistics related to the following branch branch because the effective number of genes impacting it is only 3:
	{Svalpin63, Svconfl75, Svmalma82, Svnamay84, Svalpin64, Svalpin73, Svalbus65, Svbogan70, Svelgyt71, Svconfl76, Svmalma81, Svnama232, Svsveto67}
You may want to ignore posterior probabilities and other statistics related to the following branch branch because the effective number of genes impacting it is only 4:
	{Svalpin63, Svfont261, Svconfl75, Svmalma82, Svnamay84, Svalpin64, Svalpin73, Svalbus65, Svbogan70, Svelgyt71, Svconfl76, Svmalma81, Svnama232, Svsveto67, Svfonti77}
You may want to ignore posterior probabilities and other statistics related to the following branch branch because the effective number of genes impacting it is only 3:
	{Svalpin63, Svfont261, Svconfl75, Svmalma82, Svleuco80, Svnamay84, Svalpin64, Svalpin73, Svalbus65, Svbogan70, Svelgyt71, Svconfl76, Svmalma81, Svnama232, Svsveto67, Svfonti77, Svleuco79}
You may want to ignore posterior probabilities and other statistics related to the following branch branch because the effective number of genes impacting it is only 5:
	{Svalpin63, Svfont261, Paperry46, Svconfl75, Svmalma82, Svleuco80, Svnamay84, Svalpin64, Svalpin73, Svalbus65, Svbogan70, Svelgyt71, Svconfl76, Svmalma81, Svnama232, Svsveto67, Svfonti77, Svleuco79}
You may want to ignore posterior probabilities and other statistics related to the following branch branch because the effective number of genes impacting it is only 2:
	{Htaime122, Hhucho119}
You may want to ignore posterior probabilities and other statistics related to the following branch branch because the effective number of genes impacting it is only 2:
	{Htaime122, Hhucho119, Htaime156}
You may want to ignore posterior probabilities and other statistics related to the following branch branch because the effective number of genes impacting it is only 2:
	{Blenok158, Blenok161}
You may want to ignore posterior probabilities and other statistics related to the following branch branch because the effective number of genes impacting it is only 2:
	{Bsavin162, Bsavin164}
You may want to ignore posterior probabilities and other statistics related to the following branch branch because the effective number of genes impacting it is only 5:
	{Blenok158, Bsavin162, Blenok161, Bsavin164}
You may want to ignore posterior probabilities and other statistics related to the following branch branch because the effective number of genes impacting it is only 5:
	{Blenok158, Htaime122, Hhucho119, Bsavin162, Htaime156, Blenok161, Bsavin164}
You may want to ignore posterior probabilities and other statistics related to the following branch branch because the effective number of genes impacting it is only 2:
	{Smsalar51, Smsalar52}
You may want to ignore posterior probabilities and other statistics related to the following branch branch because the effective number of genes impacting it is only 2:
	{Acohri117, Acohri118}
You may want to ignore posterior probabilities and other statistics related to the following branch branch because the effective number of genes impacting it is only 2:
	{Acohri117, Acohri118, Smobtus86}
You may want to ignore posterior probabilities and other statistics related to the following branch branch because the effective number of genes impacting it is only 2:
	{SmtrAD334, Smplat126}
You may want to ignore posterior probabilities and other statistics related to the following branch branch because the effective number of genes impacting it is only 2:
	{Smobtus85, SmtrAD334, Smplat126}
You may want to ignore posterior probabilities and other statistics related to the following branch branch because the effective number of genes impacting it is only 2:
	{SmtruDA56, Smobtus85, SmtrAD334, Smplat126}
You may want to ignore posterior probabilities and other statistics related to the following branch branch because the effective number of genes impacting it is only 2:
	{SmtruMA59, SmtruDA56, Smobtus85, SmtrAD334, Smplat126}
You may want to ignore posterior probabilities and other statistics related to the following branch branch because the effective number of genes impacting it is only 2:
	{SmtruME57, SmtruMA59, SmtruDA56, Smobtus85, SmtrAD334, Smplat126}
You may want to ignore posterior probabilities and other statistics related to the following branch branch because the effective number of genes impacting it is only 2:
	{SmtruAT53, SmtruME57, SmtruMA59, SmtruDA56, Smobtus85, SmtrAD334, Smplat126}
You may want to ignore posterior probabilities and other statistics related to the following branch branch because the effective number of genes impacting it is only 2:
	{SmtruAT53, Acohri117, Acohri118, Smobtus86, SmtruME57, SmtruMA59, SmtruDA56, Smobtus85, SmtrAD334, Smplat126}
You may want to ignore posterior probabilities and other statistics related to the following branch branch because the effective number of genes impacting it is only 7:
	{Smsalar51, SmtruAT53, Smsalar52, Acohri117, Acohri118, Smobtus86, SmtruME57, SmtruMA59, SmtruDA56, Smobtus85, SmtrAD334, Smplat126}
You may want to ignore posterior probabilities and other statistics related to the following branch branch because the effective number of genes impacting it is only 2:
	{Tthyma177, Tthyma178}
You may want to ignore posterior probabilities and other statistics related to the following branch branch because the effective number of genes impacting it is only 2:
	{Tbrevi175, Tbrevi174}
You may want to ignore posterior probabilities and other statistics related to the following branch branch because the effective number of genes impacting it is only 2:
	{Tbaica170, Tbrevi175, Tbrevi174}
You may want to ignore posterior probabilities and other statistics related to the following branch branch because the effective number of genes impacting it is only 2:
	{Tbaica170, Tbrevi175, Tbrevi174, Tarcti172}
You may want to ignore posterior probabilities and other statistics related to the following branch branch because the effective number of genes impacting it is only 4:
	{Tarctic87, Tbaica170, Tbrevi175, Tbrevi174, Tarcti172}
You may want to ignore posterior probabilities and other statistics related to the following branch branch because the effective number of genes impacting it is only 2:
	{Tarctic87, Tthyma177, Tbaica170, Tbrevi175, Tbrevi174, Tarcti172, Tthyma178}
You may want to ignore posterior probabilities and other statistics related to the following branch branch because the effective number of genes impacting it is only 2:
	{Tarctic87, Tthyma177, Tbaica170, Tbrevi175, Tbrevi174, Tarcti172, Tthyma178, Tgrubi169}
You may want to ignore posterior probabilities and other statistics related to the following branch branch because the effective number of genes impacting it is only 4:
	{Tarctic87, Tthyma177, Tbaica170, Tbrevi175, Tgrubi167, Tbrevi174, Tarcti172, Tthyma178, Tgrubi169}
You may want to ignore posterior probabilities and other statistics related to the following branch branch because the effective number of genes impacting it is only 2:
	{Prcoult34, Prcoul186}
You may want to ignore posterior probabilities and other statistics related to the following branch branch because the effective number of genes impacting it is only 2:
	{Prcylin35, Prcylin36}
You may want to ignore posterior probabilities and other statistics related to the following branch branch because the effective number of genes impacting it is only 2:
	{Prwilli42, Prwilli41}
You may want to ignore posterior probabilities and other statistics related to the following branch branch because the effective number of genes impacting it is only 2:
	{Prgemmi37, Prgemmi38}
You may want to ignore posterior probabilities and other statistics related to the following branch branch because the effective number of genes impacting it is only 2:
	{Prspilo39, Prspilo40}
You may want to ignore posterior probabilities and other statistics related to the following branch branch because the effective number of genes impacting it is only 2:
	{Prspilo39, Prspilo40, Prabyss32}
You may want to ignore posterior probabilities and other statistics related to the following branch branch because the effective number of genes impacting it is only 2:
	{Prspilo39, Prspilo40, Prabyss32, Prgemmi37, Prgemmi38}
You may want to ignore posterior probabilities and other statistics related to the following branch branch because the effective number of genes impacting it is only 2:
	{Prwilli42, Prspilo39, Prspilo40, Prabyss32, Prgemmi37, Prgemmi38, Prwilli41}
You may want to ignore posterior probabilities and other statistics related to the following branch branch because the effective number of genes impacting it is only 2:
	{Prwilli42, Prspilo39, Prspilo40, Prabyss32, Prgemmi37, Prgemmi38, Prwilli41, Prcylin35, Prcylin36}
You may want to ignore posterior probabilities and other statistics related to the following branch branch because the effective number of genes impacting it is only 2:
	{Prwilli42, Prspilo39, Prspilo40, Prabyss32, Prgemmi37, Prgemmi38, Prwilli41, Prcylin35, Prcylin36, Prcoult34, Prcoul186}
You may want to ignore posterior probabilities and other statistics related to the following branch branch because the effective number of genes impacting it is only 2:
	{Calbula1n, Cpeled139}
You may want to ignore posterior probabilities and other statistics related to the following branch branch because the effective number of genes impacting it is only 2:
	{Calbula1n, Cpeled139, Calbul135}
You may want to ignore posterior probabilities and other statistics related to the following branch branch because the effective number of genes impacting it is only 2:
	{Calbula1n, Cpeled139, Csardin25, Calbul135}
You may want to ignore posterior probabilities and other statistics related to the following branch branch because the effective number of genes impacting it is only 3:
	{Calbula1n, Cpeled139, Csardin26, Csardin25, Calbul135}
You may want to ignore posterior probabilities and other statistics related to the following branch branch because the effective number of genes impacting it is only 2:
	{Cnasus19n, Cnasus20n}
You may want to ignore posterior probabilities and other statistics related to the following branch branch because the effective number of genes impacting it is only 2:
	{Cclupeaf7, Cclupeaf8}
You may want to ignore posterior probabilities and other statistics related to the following branch branch because the effective number of genes impacting it is only 2:
	{Clavar221, Cmuksu131}
You may want to ignore posterior probabilities and other statistics related to the following branch branch because the effective number of genes impacting it is only 2:
	{Clavar221, Cmuksu131, Cpidsch17}
You may want to ignore posterior probabilities and other statistics related to the following branch branch because the effective number of genes impacting it is only 3:
	{Clavar221, Cclupeaf7, Cclupeaf8, Cmuksu131, Cpidsch17}
You may want to ignore posterior probabilities and other statistics related to the following branch branch because the effective number of genes impacting it is only 2:
	{Clavar221, Cclupeaf7, Cmigra252, Cclupeaf8, Cmuksu131, Cpidsch17}
You may want to ignore posterior probabilities and other statistics related to the following branch branch because the effective number of genes impacting it is only 2:
	{Clavar221, Cclupeaf7, Cmigra252, Cussu339n, Cclupeaf8, Cmuksu131, Cpidsch17}
You may want to ignore posterior probabilities and other statistics related to the following branch branch because the effective number of genes impacting it is only 2:
	{Clavar221, Cclupeaf7, Cmigra252, Cussu339n, Cclupeaf8, Cmuksu131, Cpidsch17, Cnasus19n, Cnasus20n}
You may want to ignore posterior probabilities and other statistics related to the following branch branch because the effective number of genes impacting it is only 5:
	{Clavar221, Cclupeaf7, Cmigra252, Calbula1n, Cpeled139, Csardin26, Cussu339n, Cclupeaf8, Cmuksu131, Cpidsch17, Cnasus19n, Cnasus20n, Csardin25, Calbul135}
You may want to ignore posterior probabilities and other statistics related to the following branch branch because the effective number of genes impacting it is only 2:
	{Chuntsm12, Stleuci44}
You may want to ignore posterior probabilities and other statistics related to the following branch branch because the effective number of genes impacting it is only 2:
	{Clauret15, Clauret16}
You may want to ignore posterior probabilities and other statistics related to the following branch branch because the effective number of genes impacting it is only 2:
	{Cautumna4, Cpollan24}
You may want to ignore posterior probabilities and other statistics related to the following branch branch because the effective number of genes impacting it is only 2:
	{Cautumna4, Cpollan24, Cautum143}
You may want to ignore posterior probabilities and other statistics related to the following branch branch because the effective number of genes impacting it is only 2:
	{Ckiyi13nn, Cnigri184}
You may want to ignore posterior probabilities and other statistics related to the following branch branch because the effective number of genes impacting it is only 2:
	{Cartedi6n, Choyi9nnn}
You may want to ignore posterior probabilities and other statistics related to the following branch branch because the effective number of genes impacting it is only 2:
	{Ckiyi13nn, Cartedi6n, Choyi9nnn, Cnigri184}
You may want to ignore posterior probabilities and other statistics related to the following branch branch because the effective number of genes impacting it is only 4:
	{Czeneth30, Ckiyi13nn, Cartedi6n, Choyi9nnn, Cnigri184}
You may want to ignore posterior probabilities and other statistics related to the following branch branch because the effective number of genes impacting it is only 4:
	{Czeneth30, Ckiyi13nn, Choyi10nn, Cartedi6n, Choyi9nnn, Cnigri184}
You may want to ignore posterior probabilities and other statistics related to the following branch branch because the effective number of genes impacting it is only 3:
	{Czeneth30, Cartedi5n, Ckiyi13nn, Choyi10nn, Cartedi6n, Choyi9nnn, Cnigri184}
You may want to ignore posterior probabilities and other statistics related to the following branch branch because the effective number of genes impacting it is only 2:
	{Czeneth30, Cartedi5n, Ckiyi13nn, Choyi10nn, Cautumna4, Cpollan24, Cautum143, Cartedi6n, Choyi9nnn, Cnigri184}
You may want to ignore posterior probabilities and other statistics related to the following branch branch because the effective number of genes impacting it is only 2:
	{Czeneth30, Cartedi5n, Ckiyi13nn, Choyi10nn, Cautumna4, Clauret15, Clauret16, Cpollan24, Cautum143, Cartedi6n, Choyi9nnn, Cnigri184}
You may want to ignore posterior probabilities and other statistics related to the following branch branch because the effective number of genes impacting it is only 3:
	{Czeneth30, Cartedi5n, Ckiyi13nn, Choyi10nn, Cautumna4, Chuntsm12, Stleuci44, Clauret15, Clauret16, Cpollan24, Cautum143, Cartedi6n, Choyi9nnn, Cnigri184}
You may want to ignore posterior probabilities and other statistics related to the following branch branch because the effective number of genes impacting it is only 2:
	{Clavar221, Czeneth30, Cartedi5n, Cclupeaf7, Ckiyi13nn, Choyi10nn, Cmigra252, Calbula1n, Cpeled139, Csardin26, Cautumna4, Cussu339n, Cclupeaf8, Cmuksu131, Cpidsch17, Cnasus19n, Cnasus20n, Csardin25, Calbul135, Chuntsm12, Stleuci44, Clauret15, Clauret16, Cpollan24, Cautum143, Cartedi6n, Choyi9nnn, Cnigri184}
You may want to ignore posterior probabilities and other statistics related to the following branch branch because the effective number of genes impacting it is only 2:
	{Clavar221, Czeneth30, Cartedi5n, Cclupeaf7, Ckiyi13nn, Choyi10nn, Cmigra252, Calbula1n, Cpeled139, Csardin26, Cautumna4, Cussu339n, Ctugun28n, Cclupeaf8, Cmuksu131, Cpidsch17, Cnasus19n, Cnasus20n, Csardin25, Calbul135, Chuntsm12, Stleuci44, Clauret15, Clauret16, Cpollan24, Cautum143, Cartedi6n, Choyi9nnn, Cnigri184}
You may want to ignore posterior probabilities and other statistics related to the following branch branch because the effective number of genes impacting it is only 5:
	{Clavar221, Czeneth30, Cartedi5n, Cclupeaf7, Ckiyi13nn, Choyi10nn, Cmigra252, Calbula1n, Cpeled139, Prwilli42, Csardin26, Cautumna4, Cussu339n, Prspilo39, Prspilo40, Prabyss32, Prgemmi37, Prgemmi38, Prwilli41, Prcylin35, Prcylin36, Prcoult34, Prcoul186, Ctugun28n, Cclupeaf8, Cmuksu131, Cpidsch17, Cnasus19n, Cnasus20n, Csardin25, Calbul135, Chuntsm12, Stleuci44, Clauret15, Clauret16, Cpollan24, Cautum143, Cartedi6n, Choyi9nnn, Cnigri184}
You may want to ignore posterior probabilities and other statistics related to the following branch branch because the effective number of genes impacting it is only 8:
	{Clavar221, Tarctic87, Tthyma177, Czeneth30, Cartedi5n, Cclupeaf7, Ckiyi13nn, Choyi10nn, Cmigra252, Tbaica170, Tbrevi175, Tgrubi167, Calbula1n, Cpeled139, Prwilli42, Csardin26, Cautumna4, Cussu339n, Tbrevi174, Tarcti172, Tthyma178, Tgrubi169, Prspilo39, Prspilo40, Prabyss32, Prgemmi37, Prgemmi38, Prwilli41, Prcylin35, Prcylin36, Prcoult34, Prcoul186, Ctugun28n, Cclupeaf8, Cmuksu131, Cpidsch17, Cnasus19n, Cnasus20n, Csardin25, Calbul135, Chuntsm12, Stleuci44, Clauret15, Clauret16, Cpollan24, Cautum143, Cartedi6n, Choyi9nnn, Cnigri184}
You may want to ignore posterior probabilities and other statistics related to the following branch branch because the effective number of genes impacting it is only 8:
	{Clavar221, Smsalar51, Tarctic87, Tthyma177, Czeneth30, Cartedi5n, Cclupeaf7, Ckiyi13nn, Choyi10nn, Cmigra252, SmtruAT53, Tbaica170, Tbrevi175, Tgrubi167, Calbula1n, Cpeled139, Prwilli42, Csardin26, Cautumna4, Cussu339n, Smsalar52, Acohri117, Acohri118, Smobtus86, SmtruME57, SmtruMA59, SmtruDA56, Smobtus85, SmtrAD334, Smplat126, Tbrevi174, Tarcti172, Tthyma178, Tgrubi169, Prspilo39, Prspilo40, Prabyss32, Prgemmi37, Prgemmi38, Prwilli41, Prcylin35, Prcylin36, Prcoult34, Prcoul186, Ctugun28n, Cclupeaf8, Cmuksu131, Cpidsch17, Cnasus19n, Cnasus20n, Csardin25, Calbul135, Chuntsm12, Stleuci44, Clauret15, Clauret16, Cpollan24, Cautum143, Cartedi6n, Choyi9nnn, Cnigri184}
You may want to ignore posterior probabilities and other statistics related to the following branch branch because the effective number of genes impacting it is only 8:
	{Clavar221, Smsalar51, Blenok158, Tarctic87, Tthyma177, Czeneth30, Htaime122, Cartedi5n, Hhucho119, Cclupeaf7, Ckiyi13nn, Choyi10nn, Cmigra252, Bsavin162, SmtruAT53, Tbaica170, Tbrevi175, Tgrubi167, Calbula1n, Cpeled139, Prwilli42, Csardin26, Cautumna4, Cussu339n, Htaime156, Blenok161, Bsavin164, Smsalar52, Acohri117, Acohri118, Smobtus86, SmtruME57, SmtruMA59, SmtruDA56, Smobtus85, SmtrAD334, Smplat126, Tbrevi174, Tarcti172, Tthyma178, Tgrubi169, Prspilo39, Prspilo40, Prabyss32, Prgemmi37, Prgemmi38, Prwilli41, Prcylin35, Prcylin36, Prcoult34, Prcoul186, Ctugun28n, Cclupeaf8, Cmuksu131, Cpidsch17, Cnasus19n, Cnasus20n, Csardin25, Calbul135, Chuntsm12, Stleuci44, Clauret15, Clauret16, Cpollan24, Cautum143, Cartedi6n, Choyi9nnn, Cnigri184}
You may want to ignore posterior probabilities and other statistics related to the following branch branch because the effective number of genes impacting it is only 16:
	{Clavar221, Smsalar51, Svalpin63, Svfont261, Blenok158, Tarctic87, Tthyma177, Czeneth30, Htaime122, Cartedi5n, Hhucho119, Cclupeaf7, Ckiyi13nn, Choyi10nn, Paperry46, Cmigra252, Bsavin162, Svconfl75, Svmalma82, SmtruAT53, Tbaica170, Tbrevi175, Tgrubi167, Svleuco80, Calbula1n, Cpeled139, Svnamay84, Prwilli42, Csardin26, Cautumna4, Cussu339n, Svalpin64, Svalpin73, Svalbus65, Svbogan70, Svelgyt71, Svconfl76, Svmalma81, Svnama232, Svsveto67, Svfonti77, Svleuco79, Htaime156, Blenok161, Bsavin164, Smsalar52, Acohri117, Acohri118, Smobtus86, SmtruME57, SmtruMA59, SmtruDA56, Smobtus85, SmtrAD334, Smplat126, Tbrevi174, Tarcti172, Tthyma178, Tgrubi169, Prspilo39, Prspilo40, Prabyss32, Prgemmi37, Prgemmi38, Prwilli41, Prcylin35, Prcylin36, Prcoult34, Prcoul186, Ctugun28n, Cclupeaf8, Cmuksu131, Cpidsch17, Cnasus19n, Cnasus20n, Csardin25, Calbul135, Chuntsm12, Stleuci44, Clauret15, Clauret16, Cpollan24, Cautum143, Cartedi6n, Choyi9nnn, Cnigri184}
You may want to ignore posterior probabilities and other statistics related to the following branch branch because the effective number of genes impacting it is only 16:
	{OMasou99n, Clavar221, Smsalar51, Svalpin63, Svfont261, Blenok158, Tarctic87, Tthyma177, Czeneth30, Htaime122, Cartedi5n, Hhucho119, Cclupeaf7, Ckiyi13nn, Choyi10nn, Paperry46, Cmigra252, Bsavin162, Svconfl75, Svmalma82, SmtruAT53, Tbaica170, Tbrevi175, Tgrubi167, Svleuco80, Calbula1n, Cpeled139, ORhodu103, Svnamay84, Prwilli42, Csardin26, Cautumna4, Cussu339n, Svalpin64, Svalpin73, Svalbus65, Svbogan70, Svelgyt71, Svconfl76, Svmalma81, Svnama232, Svsveto67, Svfonti77, Svleuco79, Htaime156, Blenok161, Bsavin164, Smsalar52, Acohri117, Acohri118, Smobtus86, SmtruME57, SmtruMA59, SmtruDA56, Smobtus85, SmtrAD334, Smplat126, OMasou100, Tbrevi174, Tarcti172, Tthyma178, Tgrubi169, Prspilo39, Prspilo40, Prabyss32, Prgemmi37, Prgemmi38, Prwilli41, Prcylin35, Prcylin36, Prcoult34, Prcoul186, Ctugun28n, Cclupeaf8, Cmuksu131, Cpidsch17, Cnasus19n, Cnasus20n, Csardin25, Calbul135, Chuntsm12, Stleuci44, Clauret15, Clauret16, Cpollan24, Cautum143, Cartedi6n, Choyi9nnn, Cnigri184}
You may want to ignore posterior probabilities and other statistics related to the following branch branch because the effective number of genes impacting it is only 16:
	{OMasou99n, OClarki47, OMykis49n, Clavar221, Smsalar51, Svalpin63, Svfont261, Blenok158, Tarctic87, Tthyma177, Czeneth30, Htaime122, Cartedi5n, Hhucho119, Cclupeaf7, Ckiyi13nn, Choyi10nn, Paperry46, Cmigra252, Bsavin162, Svconfl75, Svmalma82, SmtruAT53, Tbaica170, Tbrevi175, Tgrubi167, Svleuco80, Calbula1n, Cpeled139, ORhodu103, Svnamay84, Prwilli42, Csardin26, Cautumna4, Cussu339n, Svalpin64, Svalpin73, Svalbus65, Svbogan70, Svelgyt71, Svconfl76, Svmalma81, Svnama232, Svsveto67, Svfonti77, Svleuco79, Htaime156, Blenok161, Bsavin164, Smsalar52, Acohri117, Acohri118, Smobtus86, SmtruME57, SmtruMA59, SmtruDA56, Smobtus85, SmtrAD334, Smplat126, OMasou100, OApach107, OGilae259, OMykis112, OChrys110, OMykis223, OClarki48, Tbrevi174, Tarcti172, Tthyma178, Tgrubi169, Prspilo39, Prspilo40, Prabyss32, Prgemmi37, Prgemmi38, Prwilli41, Prcylin35, Prcylin36, Prcoult34, Prcoul186, Ctugun28n, Cclupeaf8, Cmuksu131, Cpidsch17, Cnasus19n, Cnasus20n, Csardin25, Calbul135, Chuntsm12, Stleuci44, Clauret15, Clauret16, Cpollan24, Cautum143, Cartedi6n, Choyi9nnn, Cnigri184}
You may want to ignore posterior probabilities and other statistics related to the following branch branch because the effective number of genes impacting it is only 2:
	{ONerka101, ONerka102}
You may want to ignore posterior probabilities and other statistics related to the following branch branch because the effective number of genes impacting it is only 2:
	{OGorbu94n, OGorbu194}
You may want to ignore posterior probabilities and other statistics related to the following branch branch because the effective number of genes impacting it is only 2:
	{OKeta96nn, OKeta95nn}
You may want to ignore posterior probabilities and other statistics related to the following branch branch because the effective number of genes impacting it is only 11:
	{OGorbu94n, OKeta96nn, OGorbu194, OKeta95nn}
You may want to ignore posterior probabilities and other statistics related to the following branch branch because the effective number of genes impacting it is only 16:
	{ONerka101, OGorbu94n, OKeta96nn, ONerka102, OGorbu194, OKeta95nn}
You may want to ignore posterior probabilities and other statistics related to the following branch branch because the effective number of genes impacting it is only 16:
	{OMasou99n, ONerka101, OClarki47, OMykis49n, OGorbu94n, OKeta96nn, Clavar221, Smsalar51, Svalpin63, Svfont261, Blenok158, Tarctic87, Tthyma177, Czeneth30, Htaime122, Cartedi5n, Hhucho119, Cclupeaf7, Ckiyi13nn, Choyi10nn, Paperry46, Cmigra252, Bsavin162, Svconfl75, Svmalma82, SmtruAT53, Tbaica170, Tbrevi175, Tgrubi167, Svleuco80, Calbula1n, Cpeled139, ORhodu103, Svnamay84, Prwilli42, Csardin26, Cautumna4, Cussu339n, Svalpin64, Svalpin73, Svalbus65, Svbogan70, Svelgyt71, Svconfl76, Svmalma81, Svnama232, Svsveto67, Svfonti77, Svleuco79, Htaime156, Blenok161, Bsavin164, Smsalar52, Acohri117, Acohri118, Smobtus86, SmtruME57, SmtruMA59, SmtruDA56, Smobtus85, SmtrAD334, Smplat126, OMasou100, OApach107, OGilae259, OMykis112, OChrys110, OMykis223, OClarki48, ONerka102, OGorbu194, OKeta95nn, Tbrevi174, Tarcti172, Tthyma178, Tgrubi169, Prspilo39, Prspilo40, Prabyss32, Prgemmi37, Prgemmi38, Prwilli41, Prcylin35, Prcylin36, Prcoult34, Prcoul186, Ctugun28n, Cclupeaf8, Cmuksu131, Cpidsch17, Cnasus19n, Cnasus20n, Csardin25, Calbul135, Chuntsm12, Stleuci44, Clauret15, Clauret16, Cpollan24, Cautum143, Cartedi6n, Choyi9nnn, Cnigri184}
You may want to ignore posterior probabilities and other statistics related to the following branch branch because the effective number of genes impacting it is only 2:
	{OTshaw106, OMasou99n, ONerka101, OClarki47, OMykis49n, OGorbu94n, OKeta96nn, Clavar221, Smsalar51, Svalpin63, Svfont261, Blenok158, Tarctic87, Tthyma177, Czeneth30, Htaime122, Cartedi5n, Hhucho119, Cclupeaf7, Ckiyi13nn, Choyi10nn, Paperry46, Cmigra252, Bsavin162, Svconfl75, Svmalma82, SmtruAT53, Tbaica170, Tbrevi175, Tgrubi167, Svleuco80, Calbula1n, Cpeled139, ORhodu103, Svnamay84, Prwilli42, Csardin26, Cautumna4, Cussu339n, Svalpin64, Svalpin73, Svalbus65, Svbogan70, Svelgyt71, Svconfl76, Svmalma81, Svnama232, Svsveto67, Svfonti77, Svleuco79, Htaime156, Blenok161, Bsavin164, Smsalar52, Acohri117, Acohri118, Smobtus86, SmtruME57, SmtruMA59, SmtruDA56, Smobtus85, SmtrAD334, Smplat126, OMasou100, OApach107, OGilae259, OMykis112, OChrys110, OMykis223, OClarki48, OTshaw280, ONerka102, OGorbu194, OKeta95nn, Tbrevi174, Tarcti172, Tthyma178, Tgrubi169, Prspilo39, Prspilo40, Prabyss32, Prgemmi37, Prgemmi38, Prwilli41, Prcylin35, Prcylin36, Prcoult34, Prcoul186, Ctugun28n, Cclupeaf8, Cmuksu131, Cpidsch17, Cnasus19n, Cnasus20n, Csardin25, Calbul135, Chuntsm12, Stleuci44, Clauret15, Clauret16, Cpollan24, Cautum143, Cartedi6n, Choyi9nnn, Cnigri184}
ASTRAL finished in 2.336 secs
