
================== ASTRAL ===================== 

This is ASTRAL version 4.10.12
Gene trees are treated as unrooted
17 trees read from best_ml
All output trees will be *arbitrarily* rooted at OKisut272

======== Running the main analysis
Number of taxa: 38 (38 species)
Taxa: [OKisut272, OTshaw106, OMykis49n, OKeta96nn, Svalpin63, Svfont261, Smsalar51, ONerka101, SmtruAT53, Clavar221, Tthyma177, OClarki47, OGorbu94n, OMasou99n, ORhodu103, Acohri118, Svnamay84, Svleuco80, Svmalma82, Paperry46, Htaime122, Blenok158, Hhucho119, Tarctic87, Cartedi5n, Cclupeaf7, Prcoul186, Prwilli42, Svconfl75, OGilae259, Smobtus86, Smplat126, Svalbus65, Cautumna4, Cpollan24, Cmigra252, Cpidsch17, Tbaica170]
Taxon occupancy: {Tthyma177=6, OClarki47=6, Cautumna4=1, Tbaica170=1, OGilae259=1, Svleuco80=6, Hhucho119=6, Prwilli42=2, Smplat126=1, Svalbus65=1, OMykis49n=15, Smsalar51=16, Prcoul186=1, Cpidsch17=1, Htaime122=5, Cpollan24=1, Smobtus86=2, OKeta96nn=10, Tarctic87=6, OKisut272=12, Svconfl75=5, Clavar221=3, Cclupeaf7=6, OGorbu94n=8, Svmalma82=7, Acohri118=7, Paperry46=6, Cartedi5n=6, OTshaw106=9, SmtruAT53=13, Cmigra252=1, Svnamay84=6, Svfont261=8, ONerka101=10, Svalpin63=14, OMasou99n=7, ORhodu103=1, Blenok158=7}
Number of gene trees: 17
17 trees have missing taxa
Calculating quartet distance matrix (for completion of X)
Species tree distances calculated ...
Will attempt to complete bipartitions from X before adding using a distance matrix.
Building set of clusters (X) from gene trees 
Number of Default Clusters: 305
calculating extra bipartitions to be added at level 1 ...
Number of Clusters after addition by distance: 325
Adding to X using resolutions of greedy consensus ...
Threshold 0.0:
Threshold 0.01:
Threshold 0.02:
Threshold 0.05:
Threshold 0.1:
Threshold 0.2:
Threshold 0.3333333333333333:
polytomy of size 3; rounds with additions with at least 0.01 support: 0; clusters: 325
polytomy of size 3; rounds with additions with at least 0.01 support: 0; clusters: 325
Number of Clusters after addition by greedy: 325
partitions formed in 0.677 secs
Dynamic Programming starting after 0.677 secs
Using tree-based weight calculation.
Number of quartet trees in the gene trees: 90423
Size of largest cluster: 38
Total Number of elements weighted: 305
Normalized score (portion of input quartet trees satisfied): 0.8914656669210267
Final optimization score: 80609
Optimal tree inferred in 0.831 secs.
(Svalpin63,((Svmalma82,Svalbus65),(Svleuco80,(Svconfl75,((Svfont261,Svnamay84),(((Htaime122,(Blenok158,Hhucho119)),(Tarctic87,((Cartedi5n,(Cautumna4,Cpollan24)),((Prcoul186,(Tthyma177,Prwilli42)),(Clavar221,(Cclupeaf7,(Cmigra252,Cpidsch17))))))),(Paperry46,(((Smsalar51,Smplat126),(Acohri118,(SmtruAT53,Smobtus86))),(OTshaw106,((OMasou99n,ORhodu103),((ONerka101,(OKeta96nn,OGorbu94n)),(OKisut272,(Tbaica170,(OClarki47,(OMykis49n,OGilae259)))))))))))))));
Quartet score is: 80609
Normalized quartet score is: 0.8914656669210267
You may want to ignore posterior probabilities and other statistics related to the following branch branch because the effective number of genes impacting it is only 0:
	{OMykis49n, OGilae259}
You may want to ignore posterior probabilities and other statistics related to the following branch branch because the effective number of genes impacting it is only 0:
	{OMykis49n, OClarki47, OGilae259}
You may want to ignore posterior probabilities and other statistics related to the following branch branch because the effective number of genes impacting it is only 1:
	{OMykis49n, OClarki47, OGilae259, Tbaica170}
You may want to ignore posterior probabilities and other statistics related to the following branch branch because the effective number of genes impacting it is only 7:
	{OKeta96nn, OGorbu94n}
You may want to ignore posterior probabilities and other statistics related to the following branch branch because the effective number of genes impacting it is only 9:
	{OKeta96nn, ONerka101, OGorbu94n}
You may want to ignore posterior probabilities and other statistics related to the following branch branch because the effective number of genes impacting it is only 1:
	{OMasou99n, ORhodu103}
You may want to ignore posterior probabilities and other statistics related to the following branch branch because the effective number of genes impacting it is only 1:
	{Smsalar51, Smplat126}
You may want to ignore posterior probabilities and other statistics related to the following branch branch because the effective number of genes impacting it is only 2:
	{SmtruAT53, Smobtus86}
You may want to ignore posterior probabilities and other statistics related to the following branch branch because the effective number of genes impacting it is only 7:
	{SmtruAT53, Acohri118, Smobtus86}
You may want to ignore posterior probabilities and other statistics related to the following branch branch because the effective number of genes impacting it is only 11:
	{Smsalar51, SmtruAT53, Acohri118, Smobtus86, Smplat126}
You may want to ignore posterior probabilities and other statistics related to the following branch branch because the effective number of genes impacting it is only 5:
	{Blenok158, Hhucho119}
You may want to ignore posterior probabilities and other statistics related to the following branch branch because the effective number of genes impacting it is only 5:
	{Htaime122, Blenok158, Hhucho119}
You may want to ignore posterior probabilities and other statistics related to the following branch branch because the effective number of genes impacting it is only 1:
	{Cautumna4, Cpollan24}
You may want to ignore posterior probabilities and other statistics related to the following branch branch because the effective number of genes impacting it is only 1:
	{Cartedi5n, Cautumna4, Cpollan24}
You may want to ignore posterior probabilities and other statistics related to the following branch branch because the effective number of genes impacting it is only 0:
	{Tthyma177, Prwilli42}
You may want to ignore posterior probabilities and other statistics related to the following branch branch because the effective number of genes impacting it is only 1:
	{Tthyma177, Prcoul186, Prwilli42}
You may want to ignore posterior probabilities and other statistics related to the following branch branch because the effective number of genes impacting it is only 1:
	{Cmigra252, Cpidsch17}
You may want to ignore posterior probabilities and other statistics related to the following branch branch because the effective number of genes impacting it is only 0:
	{Cclupeaf7, Cmigra252, Cpidsch17}
You may want to ignore posterior probabilities and other statistics related to the following branch branch because the effective number of genes impacting it is only 1:
	{Clavar221, Cclupeaf7, Cmigra252, Cpidsch17}
You may want to ignore posterior probabilities and other statistics related to the following branch branch because the effective number of genes impacting it is only 1:
	{Clavar221, Tthyma177, Cclupeaf7, Prcoul186, Prwilli42, Cmigra252, Cpidsch17}
You may want to ignore posterior probabilities and other statistics related to the following branch branch because the effective number of genes impacting it is only 6:
	{Clavar221, Tthyma177, Cartedi5n, Cclupeaf7, Prcoul186, Prwilli42, Cautumna4, Cpollan24, Cmigra252, Cpidsch17}
You may want to ignore posterior probabilities and other statistics related to the following branch branch because the effective number of genes impacting it is only 6:
	{Clavar221, Tthyma177, Tarctic87, Cartedi5n, Cclupeaf7, Prcoul186, Prwilli42, Cautumna4, Cpollan24, Cmigra252, Cpidsch17}
You may want to ignore posterior probabilities and other statistics related to the following branch branch because the effective number of genes impacting it is only 6:
	{Clavar221, Tthyma177, Htaime122, Blenok158, Hhucho119, Tarctic87, Cartedi5n, Cclupeaf7, Prcoul186, Prwilli42, Cautumna4, Cpollan24, Cmigra252, Cpidsch17}
You may want to ignore posterior probabilities and other statistics related to the following branch branch because the effective number of genes impacting it is only 6:
	{Svfont261, Svnamay84}
You may want to ignore posterior probabilities and other statistics related to the following branch branch because the effective number of genes impacting it is only 1:
	{Svmalma82, Svalbus65}
You may want to ignore posterior probabilities and other statistics related to the following branch branch because the effective number of genes impacting it is only 6:
	{Svalpin63, Svmalma82, Svalbus65}
You may want to ignore posterior probabilities and other statistics related to the following branch branch because the effective number of genes impacting it is only 5:
	{Svalpin63, Svleuco80, Svmalma82, Svalbus65}
You may want to ignore posterior probabilities and other statistics related to the following branch branch because the effective number of genes impacting it is only 5:
	{Svalpin63, Svleuco80, Svmalma82, Svconfl75, Svalbus65}
You may want to ignore posterior probabilities and other statistics related to the following branch branch because the effective number of genes impacting it is only 7:
	{Svalpin63, Svfont261, Svnamay84, Svleuco80, Svmalma82, Svconfl75, Svalbus65}
You may want to ignore posterior probabilities and other statistics related to the following branch branch because the effective number of genes impacting it is only 6:
	{Svalpin63, Svfont261, Clavar221, Tthyma177, Svnamay84, Svleuco80, Svmalma82, Htaime122, Blenok158, Hhucho119, Tarctic87, Cartedi5n, Cclupeaf7, Prcoul186, Prwilli42, Svconfl75, Svalbus65, Cautumna4, Cpollan24, Cmigra252, Cpidsch17}
You may want to ignore posterior probabilities and other statistics related to the following branch branch because the effective number of genes impacting it is only 6:
	{Svalpin63, Svfont261, Clavar221, Tthyma177, Svnamay84, Svleuco80, Svmalma82, Paperry46, Htaime122, Blenok158, Hhucho119, Tarctic87, Cartedi5n, Cclupeaf7, Prcoul186, Prwilli42, Svconfl75, Svalbus65, Cautumna4, Cpollan24, Cmigra252, Cpidsch17}
You may want to ignore posterior probabilities and other statistics related to the following branch branch because the effective number of genes impacting it is only 8:
	{Svalpin63, Svfont261, Smsalar51, SmtruAT53, Clavar221, Tthyma177, Acohri118, Svnamay84, Svleuco80, Svmalma82, Paperry46, Htaime122, Blenok158, Hhucho119, Tarctic87, Cartedi5n, Cclupeaf7, Prcoul186, Prwilli42, Svconfl75, Smobtus86, Smplat126, Svalbus65, Cautumna4, Cpollan24, Cmigra252, Cpidsch17}
You may want to ignore posterior probabilities and other statistics related to the following branch branch because the effective number of genes impacting it is only 5:
	{OTshaw106, Svalpin63, Svfont261, Smsalar51, SmtruAT53, Clavar221, Tthyma177, Acohri118, Svnamay84, Svleuco80, Svmalma82, Paperry46, Htaime122, Blenok158, Hhucho119, Tarctic87, Cartedi5n, Cclupeaf7, Prcoul186, Prwilli42, Svconfl75, Smobtus86, Smplat126, Svalbus65, Cautumna4, Cpollan24, Cmigra252, Cpidsch17}
You may want to ignore posterior probabilities and other statistics related to the following branch branch because the effective number of genes impacting it is only 6:
	{OTshaw106, Svalpin63, Svfont261, Smsalar51, SmtruAT53, Clavar221, Tthyma177, OMasou99n, ORhodu103, Acohri118, Svnamay84, Svleuco80, Svmalma82, Paperry46, Htaime122, Blenok158, Hhucho119, Tarctic87, Cartedi5n, Cclupeaf7, Prcoul186, Prwilli42, Svconfl75, Smobtus86, Smplat126, Svalbus65, Cautumna4, Cpollan24, Cmigra252, Cpidsch17}
You may want to ignore posterior probabilities and other statistics related to the following branch branch because the effective number of genes impacting it is only 10:
	{OTshaw106, OKeta96nn, Svalpin63, Svfont261, Smsalar51, ONerka101, SmtruAT53, Clavar221, Tthyma177, OGorbu94n, OMasou99n, ORhodu103, Acohri118, Svnamay84, Svleuco80, Svmalma82, Paperry46, Htaime122, Blenok158, Hhucho119, Tarctic87, Cartedi5n, Cclupeaf7, Prcoul186, Prwilli42, Svconfl75, Smobtus86, Smplat126, Svalbus65, Cautumna4, Cpollan24, Cmigra252, Cpidsch17}
ASTRAL finished in 0.999 secs
