
================== ASTRAL ===================== 

This is ASTRAL version 4.10.12
Gene trees are treated as unrooted
17 trees read from best_ml
All output trees will be *arbitrarily* rooted at SmtruAT53

======== Running the main analysis
Number of taxa: 38 (38 species)
Taxa: [SmtruAT53, Smsalar51, Smobtus86, Svfont261, OMykis49n, Tthyma177, Acohri118, Prwilli42, Svmalma82, Svalpin63, OKisut272, OTshaw106, ONerka101, OKeta96nn, OGorbu94n, Cclupeaf7, Cartedi5n, Clavar221, Hhucho119, Blenok158, Paperry46, Svconfl75, Svleuco80, Svnamay84, OMasou99n, OClarki47, Tarctic87, Htaime122, OGilae259, Tbaica170, ORhodu103, Prcoul186, Svalbus65, Cmigra252, Cpidsch17, Cautumna4, Cpollan24, Smplat126]
Taxon occupancy: {Tthyma177=6, OClarki47=6, Tbaica170=1, Cautumna4=1, OGilae259=1, Svleuco80=6, Hhucho119=6, Prwilli42=2, Smplat126=1, Svalbus65=1, OMykis49n=15, Smsalar51=16, Prcoul186=1, Cpidsch17=1, Htaime122=5, Cpollan24=1, Smobtus86=2, OKeta96nn=10, Tarctic87=6, OKisut272=12, Svconfl75=5, Clavar221=3, Cclupeaf7=6, OGorbu94n=8, Svmalma82=7, Acohri118=7, Paperry46=6, Cartedi5n=6, SmtruAT53=13, OTshaw106=9, Cmigra252=1, Svnamay84=6, Svfont261=8, ONerka101=10, Svalpin63=14, OMasou99n=7, Blenok158=7, ORhodu103=1}
Number of gene trees: 17
17 trees have missing taxa
Calculating quartet distance matrix (for completion of X)
Species tree distances calculated ...
Will attempt to complete bipartitions from X before adding using a distance matrix.
Building set of clusters (X) from gene trees 
Number of Default Clusters: 359
calculating extra bipartitions to be added at level 1 ...
Number of Clusters after addition by distance: 371
Adding to X using resolutions of greedy consensus ...
Threshold 0.0:
Threshold 0.01:
Threshold 0.02:
Threshold 0.05:
Threshold 0.1:
Threshold 0.2:
Threshold 0.3333333333333333:
polytomy of size 4; rounds with additions with at least 0.01 support: 0; clusters: 377
polytomy of size 3; rounds with additions with at least 0.01 support: 0; clusters: 377
Number of Clusters after addition by greedy: 377
partitions formed in 0.63 secs
Dynamic Programming starting after 0.63 secs
Using tree-based weight calculation.
Number of quartet trees in the gene trees: 90423
Size of largest cluster: 38
Total Number of elements weighted: 364
Normalized score (portion of input quartet trees satisfied): 0.8618714265175895
Final optimization score: 77933
Optimal tree inferred in 0.792 secs.
(OMykis49n,(OGilae259,(OClarki47,((OMasou99n,ORhodu103),((OKisut272,OTshaw106),((ONerka101,(OKeta96nn,OGorbu94n)),(((Svfont261,Svnamay84),(Svconfl75,(Svleuco80,(Svalpin63,(Svmalma82,Svalbus65))))),((Smplat126,(Smsalar51,(Smobtus86,(SmtruAT53,Acohri118)))),(Paperry46,((Htaime122,(Hhucho119,(Blenok158,Tbaica170))),(Tarctic87,((Cartedi5n,(Cautumna4,Cpollan24)),((Prwilli42,Prcoul186),((Tthyma177,Clavar221),(Cclupeaf7,(Cmigra252,Cpidsch17))))))))))))))));
Quartet score is: 77933
Normalized quartet score is: 0.8618714265175895
You may want to ignore posterior probabilities and other statistics related to the following branch branch because the effective number of genes impacting it is only 0:
	{Blenok158, Tbaica170}
You may want to ignore posterior probabilities and other statistics related to the following branch branch because the effective number of genes impacting it is only 5:
	{Hhucho119, Blenok158, Tbaica170}
You may want to ignore posterior probabilities and other statistics related to the following branch branch because the effective number of genes impacting it is only 5:
	{Hhucho119, Blenok158, Htaime122, Tbaica170}
You may want to ignore posterior probabilities and other statistics related to the following branch branch because the effective number of genes impacting it is only 1:
	{Cautumna4, Cpollan24}
You may want to ignore posterior probabilities and other statistics related to the following branch branch because the effective number of genes impacting it is only 1:
	{Cartedi5n, Cautumna4, Cpollan24}
You may want to ignore posterior probabilities and other statistics related to the following branch branch because the effective number of genes impacting it is only 1:
	{Prwilli42, Prcoul186}
You may want to ignore posterior probabilities and other statistics related to the following branch branch because the effective number of genes impacting it is only 0:
	{Tthyma177, Clavar221}
You may want to ignore posterior probabilities and other statistics related to the following branch branch because the effective number of genes impacting it is only 1:
	{Cmigra252, Cpidsch17}
You may want to ignore posterior probabilities and other statistics related to the following branch branch because the effective number of genes impacting it is only 0:
	{Cclupeaf7, Cmigra252, Cpidsch17}
You may want to ignore posterior probabilities and other statistics related to the following branch branch because the effective number of genes impacting it is only 1:
	{Tthyma177, Cclupeaf7, Clavar221, Cmigra252, Cpidsch17}
You may want to ignore posterior probabilities and other statistics related to the following branch branch because the effective number of genes impacting it is only 1:
	{Tthyma177, Prwilli42, Cclupeaf7, Clavar221, Prcoul186, Cmigra252, Cpidsch17}
You may want to ignore posterior probabilities and other statistics related to the following branch branch because the effective number of genes impacting it is only 6:
	{Tthyma177, Prwilli42, Cclupeaf7, Cartedi5n, Clavar221, Prcoul186, Cmigra252, Cpidsch17, Cautumna4, Cpollan24}
You may want to ignore posterior probabilities and other statistics related to the following branch branch because the effective number of genes impacting it is only 6:
	{Tthyma177, Prwilli42, Cclupeaf7, Cartedi5n, Clavar221, Tarctic87, Prcoul186, Cmigra252, Cpidsch17, Cautumna4, Cpollan24}
You may want to ignore posterior probabilities and other statistics related to the following branch branch because the effective number of genes impacting it is only 6:
	{Tthyma177, Prwilli42, Cclupeaf7, Cartedi5n, Clavar221, Hhucho119, Blenok158, Tarctic87, Htaime122, Tbaica170, Prcoul186, Cmigra252, Cpidsch17, Cautumna4, Cpollan24}
You may want to ignore posterior probabilities and other statistics related to the following branch branch because the effective number of genes impacting it is only 6:
	{Tthyma177, Prwilli42, Cclupeaf7, Cartedi5n, Clavar221, Hhucho119, Blenok158, Paperry46, Tarctic87, Htaime122, Tbaica170, Prcoul186, Cmigra252, Cpidsch17, Cautumna4, Cpollan24}
You may want to ignore posterior probabilities and other statistics related to the following branch branch because the effective number of genes impacting it is only 6:
	{Svfont261, Svnamay84}
You may want to ignore posterior probabilities and other statistics related to the following branch branch because the effective number of genes impacting it is only 1:
	{Svmalma82, Svalbus65}
You may want to ignore posterior probabilities and other statistics related to the following branch branch because the effective number of genes impacting it is only 6:
	{Svmalma82, Svalpin63, Svalbus65}
You may want to ignore posterior probabilities and other statistics related to the following branch branch because the effective number of genes impacting it is only 5:
	{Svmalma82, Svalpin63, Svleuco80, Svalbus65}
You may want to ignore posterior probabilities and other statistics related to the following branch branch because the effective number of genes impacting it is only 5:
	{Svmalma82, Svalpin63, Svconfl75, Svleuco80, Svalbus65}
You may want to ignore posterior probabilities and other statistics related to the following branch branch because the effective number of genes impacting it is only 7:
	{Svfont261, Svmalma82, Svalpin63, Svconfl75, Svleuco80, Svnamay84, Svalbus65}
You may want to ignore posterior probabilities and other statistics related to the following branch branch because the effective number of genes impacting it is only 7:
	{OKeta96nn, OGorbu94n}
You may want to ignore posterior probabilities and other statistics related to the following branch branch because the effective number of genes impacting it is only 9:
	{ONerka101, OKeta96nn, OGorbu94n}
You may want to ignore posterior probabilities and other statistics related to the following branch branch because the effective number of genes impacting it is only 9:
	{OKisut272, OTshaw106}
You may want to ignore posterior probabilities and other statistics related to the following branch branch because the effective number of genes impacting it is only 1:
	{OMasou99n, ORhodu103}
You may want to ignore posterior probabilities and other statistics related to the following branch branch because the effective number of genes impacting it is only 0:
	{OMykis49n, OGilae259}
You may want to ignore posterior probabilities and other statistics related to the following branch branch because the effective number of genes impacting it is only 6:
	{OMykis49n, OClarki47, OGilae259}
You may want to ignore posterior probabilities and other statistics related to the following branch branch because the effective number of genes impacting it is only 7:
	{OMykis49n, OMasou99n, OClarki47, OGilae259, ORhodu103}
You may want to ignore posterior probabilities and other statistics related to the following branch branch because the effective number of genes impacting it is only 10:
	{OMykis49n, OKisut272, OTshaw106, OMasou99n, OClarki47, OGilae259, ORhodu103}
You may want to ignore posterior probabilities and other statistics related to the following branch branch because the effective number of genes impacting it is only 10:
	{OMykis49n, OKisut272, OTshaw106, ONerka101, OKeta96nn, OGorbu94n, OMasou99n, OClarki47, OGilae259, ORhodu103}
You may want to ignore posterior probabilities and other statistics related to the following branch branch because the effective number of genes impacting it is only 11:
	{Svfont261, OMykis49n, Svmalma82, Svalpin63, OKisut272, OTshaw106, ONerka101, OKeta96nn, OGorbu94n, Svconfl75, Svleuco80, Svnamay84, OMasou99n, OClarki47, OGilae259, ORhodu103, Svalbus65}
You may want to ignore posterior probabilities and other statistics related to the following branch branch because the effective number of genes impacting it is only 1:
	{Svfont261, OMykis49n, Tthyma177, Prwilli42, Svmalma82, Svalpin63, OKisut272, OTshaw106, ONerka101, OKeta96nn, OGorbu94n, Cclupeaf7, Cartedi5n, Clavar221, Hhucho119, Blenok158, Paperry46, Svconfl75, Svleuco80, Svnamay84, OMasou99n, OClarki47, Tarctic87, Htaime122, OGilae259, Tbaica170, ORhodu103, Prcoul186, Svalbus65, Cmigra252, Cpidsch17, Cautumna4, Cpollan24}
You may want to ignore posterior probabilities and other statistics related to the following branch branch because the effective number of genes impacting it is only 1:
	{Svfont261, OMykis49n, Tthyma177, Prwilli42, Svmalma82, Svalpin63, OKisut272, OTshaw106, ONerka101, OKeta96nn, OGorbu94n, Cclupeaf7, Cartedi5n, Clavar221, Hhucho119, Blenok158, Paperry46, Svconfl75, Svleuco80, Svnamay84, OMasou99n, OClarki47, Tarctic87, Htaime122, OGilae259, Tbaica170, ORhodu103, Prcoul186, Svalbus65, Cmigra252, Cpidsch17, Cautumna4, Cpollan24, Smplat126}
You may want to ignore posterior probabilities and other statistics related to the following branch branch because the effective number of genes impacting it is only 2:
	{Smsalar51, Svfont261, OMykis49n, Tthyma177, Prwilli42, Svmalma82, Svalpin63, OKisut272, OTshaw106, ONerka101, OKeta96nn, OGorbu94n, Cclupeaf7, Cartedi5n, Clavar221, Hhucho119, Blenok158, Paperry46, Svconfl75, Svleuco80, Svnamay84, OMasou99n, OClarki47, Tarctic87, Htaime122, OGilae259, Tbaica170, ORhodu103, Prcoul186, Svalbus65, Cmigra252, Cpidsch17, Cautumna4, Cpollan24, Smplat126}
You may want to ignore posterior probabilities and other statistics related to the following branch branch because the effective number of genes impacting it is only 2:
	{Smsalar51, Smobtus86, Svfont261, OMykis49n, Tthyma177, Prwilli42, Svmalma82, Svalpin63, OKisut272, OTshaw106, ONerka101, OKeta96nn, OGorbu94n, Cclupeaf7, Cartedi5n, Clavar221, Hhucho119, Blenok158, Paperry46, Svconfl75, Svleuco80, Svnamay84, OMasou99n, OClarki47, Tarctic87, Htaime122, OGilae259, Tbaica170, ORhodu103, Prcoul186, Svalbus65, Cmigra252, Cpidsch17, Cautumna4, Cpollan24, Smplat126}
ASTRAL finished in 0.97 secs
