
================== ASTRAL ===================== 

This is ASTRAL version 4.10.12
Gene trees are treated as unrooted
17 trees read from best_ml
All output trees will be *arbitrarily* rooted at OMykis49n

======== Running the main analysis
Number of taxa: 38 (38 species)
Taxa: [OMykis49n, Svalpin63, Smsalar51, SmtruAT53, OClarki47, OKisut272, ONerka101, OKeta96nn, OGorbu94n, OMasou99n, OTshaw106, Paperry46, Svnamay84, Svmalma82, Svconfl75, Svfont261, Svleuco80, Tarctic87, Acohri118, Blenok158, Hhucho119, Cclupeaf7, Cartedi5n, Clavar221, Prwilli42, Tthyma177, Tbaica170, Htaime122, Smobtus86, ORhodu103, Prcoul186, OGilae259, Smplat126, Svalbus65, Cautumna4, Cpollan24, Cmigra252, Cpidsch17]
Taxon occupancy: {Tthyma177=6, OClarki47=6, Tbaica170=1, Cautumna4=1, OGilae259=1, Svleuco80=6, Hhucho119=6, Prwilli42=2, Smplat126=1, Svalbus65=1, OMykis49n=15, Smsalar51=16, Prcoul186=1, Cpidsch17=1, Htaime122=5, Cpollan24=1, Smobtus86=2, OKeta96nn=10, Tarctic87=6, OKisut272=12, Svconfl75=5, Clavar221=3, Cclupeaf7=6, OGorbu94n=8, Svmalma82=7, Paperry46=6, Acohri118=7, Cartedi5n=6, SmtruAT53=13, OTshaw106=9, Cmigra252=1, Svnamay84=6, ONerka101=10, Svfont261=8, Svalpin63=14, OMasou99n=7, Blenok158=7, ORhodu103=1}
Number of gene trees: 17
17 trees have missing taxa
Calculating quartet distance matrix (for completion of X)
Species tree distances calculated ...
Will attempt to complete bipartitions from X before adding using a distance matrix.
Building set of clusters (X) from gene trees 
Number of Default Clusters: 339
calculating extra bipartitions to be added at level 1 ...
Number of Clusters after addition by distance: 355
Adding to X using resolutions of greedy consensus ...
Threshold 0.0:
Threshold 0.01:
Threshold 0.02:
Threshold 0.05:
Threshold 0.1:
Threshold 0.2:
Threshold 0.3333333333333333:
polytomy of size 3; rounds with additions with at least 0.01 support: 0; clusters: 355
Number of Clusters after addition by greedy: 355
partitions formed in 0.673 secs
Dynamic Programming starting after 0.673 secs
Using tree-based weight calculation.
Number of quartet trees in the gene trees: 90423
Size of largest cluster: 38
Total Number of elements weighted: 320
Normalized score (portion of input quartet trees satisfied): 0.8624022649104763
Final optimization score: 77981
Optimal tree inferred in 0.832 secs.
(Cmigra252,(Cpidsch17,((Cclupeaf7,((Prwilli42,Prcoul186),(Clavar221,Tthyma177))),((Cartedi5n,(Cautumna4,Cpollan24)),(Tarctic87,((Htaime122,(Blenok158,Hhucho119)),(Paperry46,(((Svnamay84,Svfont261),((Svconfl75,Svleuco80),(Svalpin63,(Svmalma82,Svalbus65)))),((Smsalar51,(Tbaica170,(Smplat126,(Acohri118,(SmtruAT53,Smobtus86))))),(OTshaw106,((OMasou99n,ORhodu103),((ONerka101,(OKeta96nn,OGorbu94n)),(OKisut272,(OClarki47,(OMykis49n,OGilae259)))))))))))))));
Quartet score is: 77981
Normalized quartet score is: 0.8624022649104763
You may want to ignore posterior probabilities and other statistics related to the following branch branch because the effective number of genes impacting it is only 7:
	{OKeta96nn, OGorbu94n}
You may want to ignore posterior probabilities and other statistics related to the following branch branch because the effective number of genes impacting it is only 9:
	{ONerka101, OKeta96nn, OGorbu94n}
You may want to ignore posterior probabilities and other statistics related to the following branch branch because the effective number of genes impacting it is only 1:
	{OMasou99n, ORhodu103}
You may want to ignore posterior probabilities and other statistics related to the following branch branch because the effective number of genes impacting it is only 2:
	{SmtruAT53, Smobtus86}
You may want to ignore posterior probabilities and other statistics related to the following branch branch because the effective number of genes impacting it is only 1:
	{SmtruAT53, Acohri118, Smobtus86}
You may want to ignore posterior probabilities and other statistics related to the following branch branch because the effective number of genes impacting it is only 0:
	{SmtruAT53, Acohri118, Smobtus86, Smplat126}
You may want to ignore posterior probabilities and other statistics related to the following branch branch because the effective number of genes impacting it is only 1:
	{SmtruAT53, Acohri118, Tbaica170, Smobtus86, Smplat126}
You may want to ignore posterior probabilities and other statistics related to the following branch branch because the effective number of genes impacting it is only 11:
	{Smsalar51, SmtruAT53, Acohri118, Tbaica170, Smobtus86, Smplat126}
You may want to ignore posterior probabilities and other statistics related to the following branch branch because the effective number of genes impacting it is only 6:
	{Svnamay84, Svfont261}
You may want to ignore posterior probabilities and other statistics related to the following branch branch because the effective number of genes impacting it is only 5:
	{Svconfl75, Svleuco80}
You may want to ignore posterior probabilities and other statistics related to the following branch branch because the effective number of genes impacting it is only 1:
	{Svmalma82, Svalbus65}
You may want to ignore posterior probabilities and other statistics related to the following branch branch because the effective number of genes impacting it is only 6:
	{Svalpin63, Svmalma82, Svalbus65}
You may want to ignore posterior probabilities and other statistics related to the following branch branch because the effective number of genes impacting it is only 6:
	{Svalpin63, Svmalma82, Svconfl75, Svleuco80, Svalbus65}
You may want to ignore posterior probabilities and other statistics related to the following branch branch because the effective number of genes impacting it is only 7:
	{Svalpin63, Svnamay84, Svmalma82, Svconfl75, Svfont261, Svleuco80, Svalbus65}
You may want to ignore posterior probabilities and other statistics related to the following branch branch because the effective number of genes impacting it is only 5:
	{Blenok158, Hhucho119}
You may want to ignore posterior probabilities and other statistics related to the following branch branch because the effective number of genes impacting it is only 5:
	{Blenok158, Hhucho119, Htaime122}
You may want to ignore posterior probabilities and other statistics related to the following branch branch because the effective number of genes impacting it is only 1:
	{Cautumna4, Cpollan24}
You may want to ignore posterior probabilities and other statistics related to the following branch branch because the effective number of genes impacting it is only 1:
	{Cartedi5n, Cautumna4, Cpollan24}
You may want to ignore posterior probabilities and other statistics related to the following branch branch because the effective number of genes impacting it is only 1:
	{Prwilli42, Prcoul186}
You may want to ignore posterior probabilities and other statistics related to the following branch branch because the effective number of genes impacting it is only 0:
	{Clavar221, Tthyma177}
You may want to ignore posterior probabilities and other statistics related to the following branch branch because the effective number of genes impacting it is only 1:
	{Clavar221, Prwilli42, Tthyma177, Prcoul186}
You may want to ignore posterior probabilities and other statistics related to the following branch branch because the effective number of genes impacting it is only 0:
	{Cclupeaf7, Clavar221, Prwilli42, Tthyma177, Prcoul186}
You may want to ignore posterior probabilities and other statistics related to the following branch branch because the effective number of genes impacting it is only 1:
	{Cmigra252, Cpidsch17}
You may want to ignore posterior probabilities and other statistics related to the following branch branch because the effective number of genes impacting it is only 1:
	{Cclupeaf7, Clavar221, Prwilli42, Tthyma177, Prcoul186, Cmigra252, Cpidsch17}
You may want to ignore posterior probabilities and other statistics related to the following branch branch because the effective number of genes impacting it is only 6:
	{Cclupeaf7, Cartedi5n, Clavar221, Prwilli42, Tthyma177, Prcoul186, Cautumna4, Cpollan24, Cmigra252, Cpidsch17}
You may want to ignore posterior probabilities and other statistics related to the following branch branch because the effective number of genes impacting it is only 6:
	{Tarctic87, Cclupeaf7, Cartedi5n, Clavar221, Prwilli42, Tthyma177, Prcoul186, Cautumna4, Cpollan24, Cmigra252, Cpidsch17}
You may want to ignore posterior probabilities and other statistics related to the following branch branch because the effective number of genes impacting it is only 6:
	{Tarctic87, Blenok158, Hhucho119, Cclupeaf7, Cartedi5n, Clavar221, Prwilli42, Tthyma177, Htaime122, Prcoul186, Cautumna4, Cpollan24, Cmigra252, Cpidsch17}
You may want to ignore posterior probabilities and other statistics related to the following branch branch because the effective number of genes impacting it is only 6:
	{Paperry46, Tarctic87, Blenok158, Hhucho119, Cclupeaf7, Cartedi5n, Clavar221, Prwilli42, Tthyma177, Htaime122, Prcoul186, Cautumna4, Cpollan24, Cmigra252, Cpidsch17}
You may want to ignore posterior probabilities and other statistics related to the following branch branch because the effective number of genes impacting it is only 11:
	{Svalpin63, Paperry46, Svnamay84, Svmalma82, Svconfl75, Svfont261, Svleuco80, Tarctic87, Blenok158, Hhucho119, Cclupeaf7, Cartedi5n, Clavar221, Prwilli42, Tthyma177, Htaime122, Prcoul186, Svalbus65, Cautumna4, Cpollan24, Cmigra252, Cpidsch17}
You may want to ignore posterior probabilities and other statistics related to the following branch branch because the effective number of genes impacting it is only 8:
	{Svalpin63, Smsalar51, SmtruAT53, Paperry46, Svnamay84, Svmalma82, Svconfl75, Svfont261, Svleuco80, Tarctic87, Acohri118, Blenok158, Hhucho119, Cclupeaf7, Cartedi5n, Clavar221, Prwilli42, Tthyma177, Tbaica170, Htaime122, Smobtus86, Prcoul186, Smplat126, Svalbus65, Cautumna4, Cpollan24, Cmigra252, Cpidsch17}
You may want to ignore posterior probabilities and other statistics related to the following branch branch because the effective number of genes impacting it is only 5:
	{Svalpin63, Smsalar51, SmtruAT53, OTshaw106, Paperry46, Svnamay84, Svmalma82, Svconfl75, Svfont261, Svleuco80, Tarctic87, Acohri118, Blenok158, Hhucho119, Cclupeaf7, Cartedi5n, Clavar221, Prwilli42, Tthyma177, Tbaica170, Htaime122, Smobtus86, Prcoul186, Smplat126, Svalbus65, Cautumna4, Cpollan24, Cmigra252, Cpidsch17}
You may want to ignore posterior probabilities and other statistics related to the following branch branch because the effective number of genes impacting it is only 6:
	{Svalpin63, Smsalar51, SmtruAT53, OMasou99n, OTshaw106, Paperry46, Svnamay84, Svmalma82, Svconfl75, Svfont261, Svleuco80, Tarctic87, Acohri118, Blenok158, Hhucho119, Cclupeaf7, Cartedi5n, Clavar221, Prwilli42, Tthyma177, Tbaica170, Htaime122, Smobtus86, ORhodu103, Prcoul186, Smplat126, Svalbus65, Cautumna4, Cpollan24, Cmigra252, Cpidsch17}
You may want to ignore posterior probabilities and other statistics related to the following branch branch because the effective number of genes impacting it is only 10:
	{Svalpin63, Smsalar51, SmtruAT53, ONerka101, OKeta96nn, OGorbu94n, OMasou99n, OTshaw106, Paperry46, Svnamay84, Svmalma82, Svconfl75, Svfont261, Svleuco80, Tarctic87, Acohri118, Blenok158, Hhucho119, Cclupeaf7, Cartedi5n, Clavar221, Prwilli42, Tthyma177, Tbaica170, Htaime122, Smobtus86, ORhodu103, Prcoul186, Smplat126, Svalbus65, Cautumna4, Cpollan24, Cmigra252, Cpidsch17}
You may want to ignore posterior probabilities and other statistics related to the following branch branch because the effective number of genes impacting it is only 6:
	{Svalpin63, Smsalar51, SmtruAT53, OKisut272, ONerka101, OKeta96nn, OGorbu94n, OMasou99n, OTshaw106, Paperry46, Svnamay84, Svmalma82, Svconfl75, Svfont261, Svleuco80, Tarctic87, Acohri118, Blenok158, Hhucho119, Cclupeaf7, Cartedi5n, Clavar221, Prwilli42, Tthyma177, Tbaica170, Htaime122, Smobtus86, ORhodu103, Prcoul186, Smplat126, Svalbus65, Cautumna4, Cpollan24, Cmigra252, Cpidsch17}
You may want to ignore posterior probabilities and other statistics related to the following branch branch because the effective number of genes impacting it is only 0:
	{Svalpin63, Smsalar51, SmtruAT53, OClarki47, OKisut272, ONerka101, OKeta96nn, OGorbu94n, OMasou99n, OTshaw106, Paperry46, Svnamay84, Svmalma82, Svconfl75, Svfont261, Svleuco80, Tarctic87, Acohri118, Blenok158, Hhucho119, Cclupeaf7, Cartedi5n, Clavar221, Prwilli42, Tthyma177, Tbaica170, Htaime122, Smobtus86, ORhodu103, Prcoul186, Smplat126, Svalbus65, Cautumna4, Cpollan24, Cmigra252, Cpidsch17}
ASTRAL finished in 1.045 secs
